<?xml version="1.0" encoding="UTF-8"?>
<!-- Generated by org.testng.reporters.JUnitReportReporter -->
<testsuite hostname="LAPTOP-BBN2SVGK" failures="0" tests="1" name="com.tiu.jrgros_automation.TC031_SocialMediaSubmission" time="66.002" errors="0" timestamp="2025-08-05T17:01:18 IST" skipped="0">
  <testcase classname="com.tiu.jrgros_automation.TC031_SocialMediaSubmission" name="testSocialMediaInputFields" time="66.002"/>
  <system-out>
    <![CDATA[<a href='C:\TestJRGOS\jrgross\src\main\java\com\jrgos\ScreenShots\Screen_Shot_Of-testSocialMediaInputFields_05_08_2025_05_01_18.png'> <img src='C:\TestJRGOS\jrgross\src\main\java\com\jrgos\ScreenShots\Screen_Shot_Of-testSocialMediaInputFields_05_08_2025_05_01_18.png' height='100' width='100'/> </a>]]>
  </system-out>
</testsuite> <!-- com.tiu.jrgros_automation.TC031_SocialMediaSubmission -->
