<?xml version="1.0" encoding="UTF-8"?>
<!-- Generated by org.testng.reporters.JUnitReportReporter -->
<testsuite hostname="LAPTOP-BBN2SVGK" failures="0" tests="1" name="com.tiu.jrgros_automation.TC020_RSSIntakeForm" time="65.769" errors="0" timestamp="2025-08-05T19:03:55 IST" skipped="0">
  <testcase classname="com.tiu.jrgros_automation.TC020_RSSIntakeForm" name="fillRSSIntakeForm" time="65.769"/>
  <system-out>
    <![CDATA[<a href='C:\TestJRGOS\jrgross\src\main\java\com\jrgos\ScreenShots\Screen_Shot_Of-fillRSSIntakeForm_05_08_2025_07_03_53.png'> <img src='C:\TestJRGOS\jrgross\src\main\java\com\jrgos\ScreenShots\Screen_Shot_Of-fillRSSIntakeForm_05_08_2025_07_03_53.png' height='100' width='100'/> </a>]]>
  </system-out>
</testsuite> <!-- com.tiu.jrgros_automation.TC020_RSSIntakeForm -->
