<?xml version="1.0" encoding="UTF-8"?>
<!-- Generated by org.testng.reporters.JUnitReportReporter -->
<testsuite hostname="LAPTOP-BBN2SVGK" failures="0" tests="1" name="com.tiu.jrgros_automation.TC06_ResetPassword" time="67.426" errors="0" timestamp="2025-08-06T19:25:46 IST" skipped="0">
  <testcase classname="com.tiu.jrgros_automation.TC06_ResetPassword" name="TC_Login" time="67.426"/>
  <system-out>
    <![CDATA[<a href='C:\TestJRGOS\jrgross\src\main\java\com\jrgos\ScreenShots\Screen_Shot_Of-TC_Login_06_08_2025_07_25_45.png'> <img src='C:\TestJRGOS\jrgross\src\main\java\com\jrgos\ScreenShots\Screen_Shot_Of-TC_Login_06_08_2025_07_25_45.png' height='100' width='100'/> </a>]]>
  </system-out>
</testsuite> <!-- com.tiu.jrgros_automation.TC06_ResetPassword -->
