<?xml version="1.0" encoding="UTF-8"?>
<!-- Generated by org.testng.reporters.JUnitReportReporter -->
<testsuite hostname="LAPTOP-BBN2SVGK" failures="0" tests="1" name="com.tiu.jrgros_testsuite.TC03_LoginInvalidTest" time="36.234" errors="0" timestamp="2025-07-20T22:40:37 IST" skipped="0">
  <testcase classname="com.tiu.jrgros_testsuite.TC03_LoginInvalidTest" name="Signin" time="36.234"/>
</testsuite> <!-- com.tiu.jrgros_testsuite.TC03_LoginInvalidTest -->
