<?xml version="1.0" encoding="UTF-8"?>
<!-- Generated by org.testng.reporters.JUnitReportReporter -->
<testsuite hostname="LAPTOP-BBN2SVGK" failures="0" tests="1" name="com.tiu.jrgros_automation.TC04_GlobalSearch" time="22.064" errors="0" timestamp="2025-08-05T17:06:11 IST" skipped="0">
  <testcase classname="com.tiu.jrgros_automation.TC04_GlobalSearch" name="testGlobalSearch" time="22.064"/>
  <system-out>
    <![CDATA[<a href='C:\TestJRGOS\jrgross\src\main\java\com\jrgos\ScreenShots\Screen_Shot_Of-testGlobalSearch_05_08_2025_05_06_09.png'> <img src='C:\TestJRGOS\jrgross\src\main\java\com\jrgos\ScreenShots\Screen_Shot_Of-testGlobalSearch_05_08_2025_05_06_09.png' height='100' width='100'/> </a>]]>
  </system-out>
</testsuite> <!-- com.tiu.jrgros_automation.TC04_GlobalSearch -->
