<?xml version="1.0" encoding="UTF-8"?>
<!-- Generated by org.testng.reporters.JUnitReportReporter -->
<testsuite hostname="LAPTOP-BBN2SVGK" failures="0" tests="1" name="com.tiu.jrgros_automation.TC_changePWD" time="56.834" errors="0" timestamp="2025-08-06T15:21:18 IST" skipped="0">
  <testcase classname="com.tiu.jrgros_automation.TC_changePWD" name="TC_Login" time="56.834"/>
  <system-out>
    <![CDATA[<a href='C:\TestJRGOS\jrgross\src\main\java\com\jrgos\ScreenShots\Screen_Shot_Of-TC_Login_06_08_2025_03_21_17.png'> <img src='C:\TestJRGOS\jrgross\src\main\java\com\jrgos\ScreenShots\Screen_Shot_Of-TC_Login_06_08_2025_03_21_17.png' height='100' width='100'/> </a>]]>
  </system-out>
</testsuite> <!-- com.tiu.jrgros_automation.TC_changePWD -->
