<?xml version="1.0" encoding="UTF-8"?>
<!-- Generated by org.testng.reporters.JUnitReportReporter -->
<testsuite hostname="LAPTOP-BBN2SVGK" failures="0" tests="1" name="com.tiu.jrgross.TC04_GlobalSearch" time="23.185" errors="0" timestamp="2025-07-20T15:48:12 IST" skipped="0">
  <testcase classname="com.tiu.jrgross.TC04_GlobalSearch" name="testGlobalSearch" time="23.185"/>
</testsuite> <!-- com.tiu.jrgross.TC04_GlobalSearch -->
