<?xml version="1.0" encoding="UTF-8"?>
<!-- Generated by org.testng.reporters.JUnitReportReporter -->
<testsuite hostname="LAPTOP-BBN2SVGK" failures="0" tests="4" name="testsuite.TC01_LoginVerifyByExcelData" time="116.687" errors="0" timestamp="2025-08-06T19:20:17 IST" skipped="0">
  <testcase classname="testsuite.TC01_LoginVerifyByExcelData" name="verifyLoginFunctionality" time="27.698"/>
  <testcase classname="testsuite.TC01_LoginVerifyByExcelData" name="verifyLoginFunctionality" time="27.828"/>
  <testcase classname="testsuite.TC01_LoginVerifyByExcelData" name="verifyLoginFunctionality" time="32.252"/>
  <testcase classname="testsuite.TC01_LoginVerifyByExcelData" name="verifyLoginFunctionality" time="28.909"/>
  <system-out>
    <![CDATA[<a href='C:\TestJRGOS\jrgross\src\main\java\com\jrgos\ScreenShots\Screen_Shot_Of-verifyLoginFunctionality_06_08_2025_07_18_49.png'> <img src='C:\TestJRGOS\jrgross\src\main\java\com\jrgos\ScreenShots\Screen_Shot_Of-verifyLoginFunctionality_06_08_2025_07_18_49.png' height='100' width='100'/> </a>
<a href='C:\TestJRGOS\jrgross\src\main\java\com\jrgos\ScreenShots\Screen_Shot_Of-verifyLoginFunctionality_06_08_2025_07_19_17.png'> <img src='C:\TestJRGOS\jrgross\src\main\java\com\jrgos\ScreenShots\Screen_Shot_Of-verifyLoginFunctionality_06_08_2025_07_19_17.png' height='100' width='100'/> </a>
<a href='C:\TestJRGOS\jrgross\src\main\java\com\jrgos\ScreenShots\Screen_Shot_Of-verifyLoginFunctionality_06_08_2025_07_19_45.png'> <img src='C:\TestJRGOS\jrgross\src\main\java\com\jrgos\ScreenShots\Screen_Shot_Of-verifyLoginFunctionality_06_08_2025_07_19_45.png' height='100' width='100'/> </a>
<a href='C:\TestJRGOS\jrgross\src\main\java\com\jrgos\ScreenShots\Screen_Shot_Of-verifyLoginFunctionality_06_08_2025_07_20_17.png'> <img src='C:\TestJRGOS\jrgross\src\main\java\com\jrgos\ScreenShots\Screen_Shot_Of-verifyLoginFunctionality_06_08_2025_07_20_17.png' height='100' width='100'/> </a>]]>
  </system-out>
</testsuite> <!-- testsuite.TC01_LoginVerifyByExcelData -->
