<?xml version="1.0" encoding="UTF-8"?>
<!-- Generated by org.testng.reporters.JUnitReportReporter -->
<testsuite hostname="LAPTOP-BBN2SVGK" failures="0" tests="1" name="com.tiu.jrgros_automation.TC018_FellowshipGrantFormTest" time="94.972" errors="0" timestamp="2025-10-13T22:14:48 IST" skipped="0">
  <testcase classname="com.tiu.jrgros_automation.TC018_FellowshipGrantFormTest" name="GrantForm" time="94.972"/>
  <system-out>
    <![CDATA[<a href='C:\TestJRGOS\jrgross\src\main\java\com\jrgos\ScreenShots\Screen_Shot_Of-GrantForm_13_10_2025_10_14_46.png'> <img src='C:\TestJRGOS\jrgross\src\main\java\com\jrgos\ScreenShots\Screen_Shot_Of-GrantForm_13_10_2025_10_14_46.png' height='100' width='100'/> </a>]]>
  </system-out>
</testsuite> <!-- com.tiu.jrgros_automation.TC018_FellowshipGrantFormTest -->
