<?xml version="1.0" encoding="UTF-8"?>
<!-- Generated by org.testng.reporters.JUnitReportReporter -->
<testsuite hostname="LAPTOP-BBN2SVGK" failures="0" tests="1" name="com.tiu.jrgros_automation.TC031_NegativeSocialMediaSubmission" time="36.908" errors="0" timestamp="2025-08-05T18:49:49 IST" skipped="0">
  <testcase classname="com.tiu.jrgros_automation.TC031_NegativeSocialMediaSubmission" name="negativessm" time="36.908"/>
  <system-out>
    <![CDATA[<a href='C:\TestJRGOS\jrgross\src\main\java\com\jrgos\ScreenShots\Screen_Shot_Of-negativessm_05_08_2025_06_49_48.png'> <img src='C:\TestJRGOS\jrgross\src\main\java\com\jrgos\ScreenShots\Screen_Shot_Of-negativessm_05_08_2025_06_49_48.png' height='100' width='100'/> </a>]]>
  </system-out>
</testsuite> <!-- com.tiu.jrgros_automation.TC031_NegativeSocialMediaSubmission -->
