<?xml version="1.0" encoding="UTF-8"?>
<!-- Generated by org.testng.reporters.JUnitReportReporter -->
<testsuite hostname="LAPTOP-BBN2SVGK" failures="0" tests="1" name="com.tiu.jrgros_automation.TC01_LoginVerify" time="36.165" errors="0" timestamp="2025-10-13T12:11:29 IST" skipped="0">
  <testcase classname="com.tiu.jrgros_automation.TC01_LoginVerify" name="Signin" time="36.165"/>
  <system-out>
    <![CDATA[<a href='C:\TestJRGOS\jrgross\src\main\java\com\jrgos\ScreenShots\Screen_Shot_Of-Signin_13_10_2025_12_11_25.png'> <img src='C:\TestJRGOS\jrgross\src\main\java\com\jrgos\ScreenShots\Screen_Shot_Of-Signin_13_10_2025_12_11_25.png' height='100' width='100'/> </a>]]>
  </system-out>
</testsuite> <!-- com.tiu.jrgros_automation.TC01_LoginVerify -->
