<?xml version="1.0" encoding="UTF-8"?>
<!-- Generated by org.testng.reporters.JUnitReportReporter -->
<testsuite hostname="LAPTOP-BBN2SVGK" failures="0" tests="1" name="com.tiu.jrgros_automation.TC03_LoginInvalidTest" time="35.459" errors="0" timestamp="2025-08-05T18:59:48 IST" skipped="0">
  <testcase classname="com.tiu.jrgros_automation.TC03_LoginInvalidTest" name="Signin" time="35.459"/>
  <system-out>
    <![CDATA[<a href='C:\TestJRGOS\jrgross\src\main\java\com\jrgos\ScreenShots\Screen_Shot_Of-Signin_05_08_2025_06_59_47.png'> <img src='C:\TestJRGOS\jrgross\src\main\java\com\jrgos\ScreenShots\Screen_Shot_Of-Signin_05_08_2025_06_59_47.png' height='100' width='100'/> </a>]]>
  </system-out>
</testsuite> <!-- com.tiu.jrgros_automation.TC03_LoginInvalidTest -->
