<?xml version="1.0" encoding="UTF-8"?>
<!-- Generated by org.testng.reporters.JUnitReportReporter -->
<testsuite hostname="LAPTOP-BBN2SVGK" failures="0" tests="1" name="com.tiu.jrgros_automation.TC30_NegNewCaseCorner" time="29.186" errors="0" timestamp="2025-08-05T17:29:55 IST" skipped="0">
  <testcase classname="com.tiu.jrgros_automation.TC30_NegNewCaseCorner" name="testEmptyFormSubmission" time="29.186"/>
</testsuite> <!-- com.tiu.jrgros_automation.TC30_NegNewCaseCorner -->
