<?xml version="1.0" encoding="UTF-8"?>
<!-- Generated by org.testng.reporters.JUnitReportReporter -->
<testsuite hostname="LAPTOP-BBN2SVGK" failures="0" tests="1" name="com.tiu.jrgros_automation.TC009_VideoSub_TestNew" time="179.268" errors="0" timestamp="2025-08-06T19:37:59 IST" skipped="0">
  <testcase classname="com.tiu.jrgros_automation.TC009_VideoSub_TestNew" name="ProfilePcture" time="179.268"/>
</testsuite> <!-- com.tiu.jrgros_automation.TC009_VideoSub_TestNew -->
